[debug] [2022-04-29T20:10:03.019Z] ----------------------------------------------------------------------
[debug] [2022-04-29T20:10:03.022Z] Command:       E:\node\node.exe C:\Users\USER\AppData\Roaming\npm\node_modules\firebase-tools\lib\bin\firebase.js init
[debug] [2022-04-29T20:10:03.023Z] CLI Version:   10.7.2
[debug] [2022-04-29T20:10:03.023Z] Platform:      win32
[debug] [2022-04-29T20:10:03.023Z] Node Version:  v16.13.0
[debug] [2022-04-29T20:10:03.025Z] Time:          Fri Apr 29 2022 13:10:03 GMT-0700 (Pacific Daylight Time)
[debug] [2022-04-29T20:10:03.025Z] ----------------------------------------------------------------------
[debug] 
[debug] [2022-04-29T20:10:03.041Z] > command requires scopes: ["email","openid","https://www.googleapis.com/auth/cloudplatformprojects.readonly","https://www.googleapis.com/auth/firebase","https://www.googleapis.com/auth/cloud-platform"]
[debug] [2022-04-29T20:10:03.042Z] > authorizing via signed-in user (alirezahekmati80@gmail.com)
[info] 
     ######## #### ########  ######## ########     ###     ######  ########
     ##        ##  ##     ## ##       ##     ##  ##   ##  ##       ##
     ######    ##  ########  ######   ########  #########  ######  ######
     ##        ##  ##    ##  ##       ##     ## ##     ##       ## ##
     ##       #### ##     ## ######## ########  ##     ##  ######  ########

You're about to initialize a Firebase project in this directory:

  E:\VScode\projects\Node js\counter 2\client

[info] 
=== Project Setup
[info] 
[info] First, let's associate this project directory with a Firebase project.
[info] You can create multiple project aliases by running firebase use --add, 
[info] but for now we'll just set up a default project.
[info] 
[debug] [2022-04-29T20:10:30.156Z] >>> [apiv2][query] GET https://firebase.googleapis.com/v1beta1/projects pageSize=100
[debug] [2022-04-29T20:10:31.734Z] <<< [apiv2][status] GET https://firebase.googleapis.com/v1beta1/projects 200
[debug] [2022-04-29T20:10:31.734Z] <<< [apiv2][body] GET https://firebase.googleapis.com/v1beta1/projects [omitted]
[info] i  Using project counter-28f56 (counter) 
[info] 
=== Hosting Setup
[info] 
[info] Your public directory is the folder (relative to your project directory) that
[info] will contain Hosting assets to be uploaded with firebase deploy. If you
[info] have a build process for your assets, use your build's output directory.
[info] 
[debug] [2022-04-29T20:20:34.725Z] >>> [apiv2][query] GET https://www.gstatic.com/firebasejs/releases.json [none]
[debug] [2022-04-29T20:20:35.929Z] <<< [apiv2][status] GET https://www.gstatic.com/firebasejs/releases.json 200
[debug] [2022-04-29T20:20:35.930Z] <<< [apiv2][body] GET https://www.gstatic.com/firebasejs/releases.json {"current":{"version":"9.7.0","browserURL":"https://www.gstatic.com/firebasejs/9.7.0/firebase.js","packageURL":"https://www.gstatic.com/firebasejs/9.7.0/firebase.tgz"},"live":{"version":"9.7","browserURL":"https://www.gstatic.com/firebasejs/live/9.7/firebase.js","packageURL":"https://www.gstatic.com/firebasejs/live/9.7/firebase.tgz"},"components":{"analytics":"https://www.gstatic.com/firebasejs/9.7.0/firebase-analytics.js","app":"https://www.gstatic.com/firebasejs/9.7.0/firebase-app.js","app-check":"https://www.gstatic.com/firebasejs/9.7.0/firebase-app-check.js","auth":"https://www.gstatic.com/firebasejs/9.7.0/firebase-auth.js","auth/cordova":"https://www.gstatic.com/firebasejs/9.7.0/firebase-auth/cordova.js","auth/react-native":"https://www.gstatic.com/firebasejs/9.7.0/firebase-auth/react-native.js","functions":"https://www.gstatic.com/firebasejs/9.7.0/firebase-functions.js","firestore":"https://www.gstatic.com/firebasejs/9.7.0/firebase-firestore.js","firestore/lite":"https://www.gstatic.com/firebasejs/9.7.0/firebase-firestore/lite.js","storage":"https://www.gstatic.com/firebasejs/9.7.0/firebase-storage.js","performance":"https://www.gstatic.com/firebasejs/9.7.0/firebase-performance.js","remote-config":"https://www.gstatic.com/firebasejs/9.7.0/firebase-remote-config.js","messaging":"https://www.gstatic.com/firebasejs/9.7.0/firebase-messaging.js","messaging/sw":"https://www.gstatic.com/firebasejs/9.7.0/firebase-messaging/sw.js","database":"https://www.gstatic.com/firebasejs/9.7.0/firebase-database.js","firestore.memory":"https://www.gstatic.com/firebasejs/9.7.0/firebase-firestore.memory.js"}}
[info] +  Wrote build/index.html 
[info] 
[info] i  Detected a .git folder at E:\VScode\projects\Node js\counter 2\client 
[info] i  Authorizing with GitHub to upload your service account to a GitHub repository's secrets store. 
[info] 
[info] Visit this URL on this device to log in:
[info] https://github.com/login/oauth/authorize?client_id=89cf50f02ac6aaed3484&state=1018390617&redirect_uri=http%3A%2F%2Flocalhost%3A9005&scope=read%3Auser%20repo%20public_repo
[info] 
[info] Waiting for authentication...
[debug] [2022-04-29T20:20:49.921Z] >>> HTTP REQUEST POST https://github.com/login/oauth/access_token  
 {"client_id":"89cf50f02ac6aaed3484","client_secret":"3330d14abc895d9a74d5f17cd7a00711fa2c5bf0","code":"4e49df0241712e72e792","redirect_uri":"http://localhost:9005","state":"1018390617"}
[debug] [2022-04-29T20:20:51.228Z] <<< HTTP RESPONSE 200 {"server":"GitHub.com","date":"Fri, 29 Apr 2022 20:20:51 GMT","content-type":"application/json; charset=utf-8","transfer-encoding":"chunked","vary":"X-PJAX, X-PJAX-Container, Accept-Encoding, Accept, X-Requested-With","permissions-policy":"interest-cohort=()","etag":"W/\"eef2806b418f2b159bdbad2116d150b7\"","cache-control":"max-age=0, private, must-revalidate","strict-transport-security":"max-age=31536000; includeSubdomains; preload","x-frame-options":"deny","x-content-type-options":"nosniff","x-xss-protection":"0","referrer-policy":"origin-when-cross-origin, strict-origin-when-cross-origin","expect-ct":"max-age=2592000, report-uri=\"https://api.github.com/_private/browser/errors\"","content-security-policy":"default-src 'none'; base-uri 'self'; block-all-mixed-content; child-src github.com/assets-cdn/worker/ gist.github.com/assets-cdn/worker/; connect-src 'self' uploads.github.com objects-origin.githubusercontent.com www.githubstatus.com collector.github.com raw.githubusercontent.com api.github.com github-cloud.s3.amazonaws.com github-production-repository-file-5c1aeb.s3.amazonaws.com github-production-upload-manifest-file-7fdce7.s3.amazonaws.com github-production-user-asset-6210df.s3.amazonaws.com cdn.optimizely.com logx.optimizely.com/v1/events translator.github.com *.actions.githubusercontent.com wss://*.actions.githubusercontent.com online.visualstudio.com/api/v1/locations github-production-repository-image-32fea6.s3.amazonaws.com github-production-release-asset-2e65be.s3.amazonaws.com insights.github.com wss://alive.github.com; font-src github.githubassets.com; form-action 'self' github.com gist.github.com objects-origin.githubusercontent.com; frame-ancestors 'none'; frame-src render.githubusercontent.com viewscreen.githubusercontent.com notebooks.githubusercontent.com; img-src 'self' data: github.githubassets.com identicons.github.com github-cloud.s3.amazonaws.com secured-user-images.githubusercontent.com/ *.githubusercontent.com; manifest-src 'self'; media-src github.com user-images.githubusercontent.com/; script-src github.githubassets.com; style-src 'unsafe-inline' github.githubassets.com; worker-src github.com/assets-cdn/worker/ gist.github.com/assets-cdn/worker/","x-github-request-id":"EF71:80CE:70D88B:855019:626C48A2"}
[debug] [2022-04-29T20:20:51.283Z] >>> [apiv2][query] GET https://api.github.com/user [none]
[debug] [2022-04-29T20:20:52.376Z] <<< [apiv2][status] GET https://api.github.com/user 200
[debug] [2022-04-29T20:20:52.376Z] <<< [apiv2][body] GET https://api.github.com/user {"login":"alirezahekmati","id":94165013,"node_id":"U_kgDOBZzYFQ","avatar_url":"https://avatars.githubusercontent.com/u/94165013?v=4","gravatar_id":"","url":"https://api.github.com/users/alirezahekmati","html_url":"https://github.com/alirezahekmati","followers_url":"https://api.github.com/users/alirezahekmati/followers","following_url":"https://api.github.com/users/alirezahekmati/following{/other_user}","gists_url":"https://api.github.com/users/alirezahekmati/gists{/gist_id}","starred_url":"https://api.github.com/users/alirezahekmati/starred{/owner}{/repo}","subscriptions_url":"https://api.github.com/users/alirezahekmati/subscriptions","organizations_url":"https://api.github.com/users/alirezahekmati/orgs","repos_url":"https://api.github.com/users/alirezahekmati/repos","events_url":"https://api.github.com/users/alirezahekmati/events{/privacy}","received_events_url":"https://api.github.com/users/alirezahekmati/received_events","type":"User","site_admin":false,"name":"alireza","company":null,"blog":"","location":null,"email":null,"hireable":true,"bio":"I am a React developer  \r\nLinkedIn :  https://www.linkedin.com/in/alireza-hekmati-a49627218/","twitter_username":null,"public_repos":19,"public_gists":0,"followers":0,"following":1,"created_at":"2021-11-12T07:56:01Z","updated_at":"2022-04-09T17:59:06Z","private_gists":0,"total_private_repos":1,"owned_private_repos":1,"disk_usage":50472,"collaborators":0,"two_factor_authentication":false,"plan":{"name":"free","space":976562499,"collaborators":0,"private_repos":10000}}
[info] 
[info] +  Success! Logged into GitHub as alirezahekmati 
[info] 
